2014-07-27 13:00:07.097 Geofencing[63368:70b] Multi-tasking -> Device: YES, App: YES
2014-07-27 13:00:07.103 Geofencing[63368:70b] Unlimited access to network resources
2014-07-27 13:00:07.105 Geofencing[63368:70b] 

Started backup to iCloud! Please be careful.
Your application might rejected by Apple if you store too much data.
For more information please read "iOS Data Storage Guidelines"
You could find it at the following address https://developer.apple.com/icloud/documentation/data-storage/ .

2014-07-27 13:00:07.228 Geofencing[63368:70b] Resetting plugins due to page load.
2014-07-27 13:00:07.264 Geofencing[63368:70b] Finished load of: file:///Users/dgoldber/Library/Application%20Support/iPhone%20Simulator/7.1/Applications/38D24322-4409-444F-A319-BBB9A7B1DC73/Geofencing.app/www/index.html
2014-07-28 08:28:43.796 Geofencing[88203:70b] Multi-tasking -> Device: YES, App: YES
2014-07-28 08:28:43.815 Geofencing[88203:70b] Unlimited access to network resources
2014-07-28 08:28:43.818 Geofencing[88203:70b] 

Started backup to iCloud! Please be careful.
Your application might rejected by Apple if you store too much data.
For more information please read "iOS Data Storage Guidelines"
You could find it at the following address https://developer.apple.com/icloud/documentation/data-storage/ .

2014-07-28 08:28:43.937 Geofencing[88203:70b] Resetting plugins due to page load.
2014-07-28 08:28:44.011 Geofencing[88203:70b] Finished load of: file:///Users/dgoldber/Library/Application%20Support/iPhone%20Simulator/7.1/Applications/38D24322-4409-444F-A319-BBB9A7B1DC73/Geofencing.app/www/index.html
2014-07-28 08:29:29.149 Geofencing[88430:70b] Multi-tasking -> Device: YES, App: YES
2014-07-28 08:29:29.158 Geofencing[88430:70b] Unlimited access to network resources
2014-07-28 08:29:29.162 Geofencing[88430:70b] 

Started backup to iCloud! Please be careful.
Your application might rejected by Apple if you store too much data.
For more information please read "iOS Data Storage Guidelines"
You could find it at the following address https://developer.apple.com/icloud/documentation/data-storage/ .

2014-07-28 08:29:29.267 Geofencing[88430:70b] Resetting plugins due to page load.
2014-07-28 08:29:29.303 Geofencing[88430:70b] Finished load of: file:///Users/dgoldber/Library/Application%20Support/iPhone%20Simulator/7.1/Applications/10D8DE7F-BEEC-4A38-BE84-411E2CDC5BD5/Geofencing.app/www/index.html
2014-07-28 08:35:49.106 Geofencing[89360:70b] Multi-tasking -> Device: YES, App: YES
2014-07-28 08:35:49.112 Geofencing[89360:70b] Unlimited access to network resources
2014-07-28 08:35:49.114 Geofencing[89360:70b] 

Started backup to iCloud! Please be careful.
Your application might rejected by Apple if you store too much data.
For more information please read "iOS Data Storage Guidelines"
You could find it at the following address https://developer.apple.com/icloud/documentation/data-storage/ .

2014-07-28 08:35:49.156 Geofencing[89360:70b] Resetting plugins due to page load.
2014-07-28 08:35:49.190 Geofencing[89360:70b] Finished load of: file:///Users/dgoldber/Library/Application%20Support/iPhone%20Simulator/7.1/Applications/10D8DE7F-BEEC-4A38-BE84-411E2CDC5BD5/Geofencing.app/www/index.html
2014-07-28 08:36:05.088 Geofencing[89484:70b] Multi-tasking -> Device: YES, App: YES
2014-07-28 08:36:05.097 Geofencing[89484:70b] Unlimited access to network resources
2014-07-28 08:36:05.105 Geofencing[89484:70b] 

Started backup to iCloud! Please be careful.
Your application might rejected by Apple if you store too much data.
For more information please read "iOS Data Storage Guidelines"
You could find it at the following address https://developer.apple.com/icloud/documentation/data-storage/ .

2014-07-28 08:36:05.221 Geofencing[89484:70b] Resetting plugins due to page load.
2014-07-28 08:36:05.317 Geofencing[89484:70b] Finished load of: file:///Users/dgoldber/Library/Application%20Support/iPhone%20Simulator/7.1/Applications/10D8DE7F-BEEC-4A38-BE84-411E2CDC5BD5/Geofencing.app/www/index.html
2014-07-30 18:02:36.654 Geofencing[84379:70b] Multi-tasking -> Device: YES, App: YES
2014-07-30 18:02:36.680 Geofencing[84379:70b] Unlimited access to network resources
2014-07-30 18:02:36.686 Geofencing[84379:70b] 

Started backup to iCloud! Please be careful.
Your application might rejected by Apple if you store too much data.
For more information please read "iOS Data Storage Guidelines"
You could find it at the following address https://developer.apple.com/icloud/documentation/data-storage/ .

2014-07-30 18:02:37.026 Geofencing[84379:70b] Resetting plugins due to page load.
2014-07-30 18:02:40.362 Geofencing[84379:70b] Finished load of: file:///Users/dgoldber/Library/Application%20Support/iPhone%20Simulator/7.1/Applications/10D8DE7F-BEEC-4A38-BE84-411E2CDC5BD5/Geofencing.app/www/index.html
2014-07-30 18:04:48.896 Geofencing[84953:70b] Multi-tasking -> Device: YES, App: YES
2014-07-30 18:04:48.901 Geofencing[84953:70b] Unlimited access to network resources
2014-07-30 18:04:48.904 Geofencing[84953:70b] 

Started backup to iCloud! Please be careful.
Your application might rejected by Apple if you store too much data.
For more information please read "iOS Data Storage Guidelines"
You could find it at the following address https://developer.apple.com/icloud/documentation/data-storage/ .

2014-07-30 18:04:48.947 Geofencing[84953:70b] Resetting plugins due to page load.
2014-07-30 18:04:51.973 Geofencing[84953:70b] Finished load of: file:///Users/dgoldber/Library/Application%20Support/iPhone%20Simulator/7.1/Applications/10D8DE7F-BEEC-4A38-BE84-411E2CDC5BD5/Geofencing.app/www/index.html
2014-07-30 18:05:16.497 Geofencing[85206:70b] Multi-tasking -> Device: YES, App: YES
2014-07-30 18:05:16.506 Geofencing[85206:70b] Unlimited access to network resources
2014-07-30 18:05:16.508 Geofencing[85206:70b] 

Started backup to iCloud! Please be careful.
Your application might rejected by Apple if you store too much data.
For more information please read "iOS Data Storage Guidelines"
You could find it at the following address https://developer.apple.com/icloud/documentation/data-storage/ .

2014-07-30 18:05:16.619 Geofencing[85206:70b] Resetting plugins due to page load.
2014-07-30 18:05:19.227 Geofencing[85206:70b] Finished load of: file:///Users/dgoldber/Library/Application%20Support/iPhone%20Simulator/7.1/Applications/10D8DE7F-BEEC-4A38-BE84-411E2CDC5BD5/Geofencing.app/www/index.html
2014-07-30 18:06:22.224 Geofencing[85553:70b] Multi-tasking -> Device: YES, App: YES
2014-07-30 18:06:22.231 Geofencing[85553:70b] Unlimited access to network resources
2014-07-30 18:06:22.233 Geofencing[85553:70b] 

Started backup to iCloud! Please be careful.
Your application might rejected by Apple if you store too much data.
For more information please read "iOS Data Storage Guidelines"
You could find it at the following address https://developer.apple.com/icloud/documentation/data-storage/ .

2014-07-30 18:06:22.364 Geofencing[85553:70b] Resetting plugins due to page load.
2014-07-30 18:06:24.497 Geofencing[85553:70b] Finished load of: file:///Users/dgoldber/Library/Application%20Support/iPhone%20Simulator/7.1/Applications/10D8DE7F-BEEC-4A38-BE84-411E2CDC5BD5/Geofencing.app/www/index.html
2014-07-30 18:08:33.835 Geofencing[86082:70b] Multi-tasking -> Device: YES, App: YES
2014-07-30 18:08:33.844 Geofencing[86082:70b] Unlimited access to network resources
2014-07-30 18:08:33.847 Geofencing[86082:70b] 

Started backup to iCloud! Please be careful.
Your application might rejected by Apple if you store too much data.
For more information please read "iOS Data Storage Guidelines"
You could find it at the following address https://developer.apple.com/icloud/documentation/data-storage/ .

2014-07-30 18:08:33.974 Geofencing[86082:70b] Resetting plugins due to page load.
2014-07-30 18:08:37.969 Geofencing[86082:70b] Finished load of: file:///Users/dgoldber/Library/Application%20Support/iPhone%20Simulator/7.1/Applications/10D8DE7F-BEEC-4A38-BE84-411E2CDC5BD5/Geofencing.app/www/index.html
2014-07-30 18:23:30.378 Geofencing[88965:70b] Multi-tasking -> Device: YES, App: YES
2014-07-30 18:23:30.443 Geofencing[88965:70b] Unlimited access to network resources
2014-07-30 18:23:30.454 Geofencing[88965:70b] 

Started backup to iCloud! Please be careful.
Your application might rejected by Apple if you store too much data.
For more information please read "iOS Data Storage Guidelines"
You could find it at the following address https://developer.apple.com/icloud/documentation/data-storage/ .

2014-07-30 18:23:30.726 Geofencing[88965:70b] Resetting plugins due to page load.
2014-07-30 18:23:31.197 Geofencing[88965:70b] Finished load of: file:///Users/dgoldber/Library/Application%20Support/iPhone%20Simulator/7.1/Applications/10D8DE7F-BEEC-4A38-BE84-411E2CDC5BD5/Geofencing.app/www/index.html
2014-07-30 18:25:10.198 Geofencing[89393:70b] Multi-tasking -> Device: YES, App: YES
2014-07-30 18:25:10.206 Geofencing[89393:70b] Unlimited access to network resources
2014-07-30 18:25:10.209 Geofencing[89393:70b] 

Started backup to iCloud! Please be careful.
Your application might rejected by Apple if you store too much data.
For more information please read "iOS Data Storage Guidelines"
You could find it at the following address https://developer.apple.com/icloud/documentation/data-storage/ .

2014-07-30 18:25:10.341 Geofencing[89393:70b] Resetting plugins due to page load.
2014-07-30 18:25:10.807 Geofencing[89393:70b] Finished load of: file:///Users/dgoldber/Library/Application%20Support/iPhone%20Simulator/7.1/Applications/10D8DE7F-BEEC-4A38-BE84-411E2CDC5BD5/Geofencing.app/www/index.html
2014-07-30 18:29:11.752 Geofencing[90140:70b] Multi-tasking -> Device: YES, App: YES
2014-07-30 18:29:11.763 Geofencing[90140:70b] Unlimited access to network resources
2014-07-30 18:29:11.769 Geofencing[90140:70b] 

Started backup to iCloud! Please be careful.
Your application might rejected by Apple if you store too much data.
For more information please read "iOS Data Storage Guidelines"
You could find it at the following address https://developer.apple.com/icloud/documentation/data-storage/ .

2014-07-30 18:29:11.908 Geofencing[90140:70b] Resetting plugins due to page load.
2014-07-30 18:29:12.349 Geofencing[90140:70b] Finished load of: file:///Users/dgoldber/Library/Application%20Support/iPhone%20Simulator/7.1/Applications/10D8DE7F-BEEC-4A38-BE84-411E2CDC5BD5/Geofencing.app/www/index.html
2014-07-30 18:32:41.088 Geofencing[91114:70b] Multi-tasking -> Device: YES, App: YES
2014-07-30 18:32:41.094 Geofencing[91114:70b] Unlimited access to network resources
2014-07-30 18:32:41.096 Geofencing[91114:70b] 

Started backup to iCloud! Please be careful.
Your application might rejected by Apple if you store too much data.
For more information please read "iOS Data Storage Guidelines"
You could find it at the following address https://developer.apple.com/icloud/documentation/data-storage/ .

2014-07-30 18:32:41.217 Geofencing[91114:70b] Resetting plugins due to page load.
2014-07-30 18:32:41.611 Geofencing[91114:70b] Finished load of: file:///Users/dgoldber/Library/Application%20Support/iPhone%20Simulator/7.1/Applications/10D8DE7F-BEEC-4A38-BE84-411E2CDC5BD5/Geofencing.app/www/index.html
2014-07-30 18:34:24.287 Geofencing[91618:70b] Multi-tasking -> Device: YES, App: YES
2014-07-30 18:34:24.298 Geofencing[91618:70b] Unlimited access to network resources
2014-07-30 18:34:24.301 Geofencing[91618:70b] 

Started backup to iCloud! Please be careful.
Your application might rejected by Apple if you store too much data.
For more information please read "iOS Data Storage Guidelines"
You could find it at the following address https://developer.apple.com/icloud/documentation/data-storage/ .

2014-07-30 18:34:24.447 Geofencing[91618:70b] Resetting plugins due to page load.
2014-07-30 18:34:24.883 Geofencing[91618:70b] Finished load of: file:///Users/dgoldber/Library/Application%20Support/iPhone%20Simulator/7.1/Applications/10D8DE7F-BEEC-4A38-BE84-411E2CDC5BD5/Geofencing.app/www/index.html
2014-07-30 18:43:53.846 Geofencing[93816:70b] Multi-tasking -> Device: YES, App: YES
2014-07-30 18:43:53.853 Geofencing[93816:70b] Unlimited access to network resources
2014-07-30 18:43:53.872 Geofencing[93816:70b] 

Started backup to iCloud! Please be careful.
Your application might rejected by Apple if you store too much data.
For more information please read "iOS Data Storage Guidelines"
You could find it at the following address https://developer.apple.com/icloud/documentation/data-storage/ .

2014-07-30 18:43:54.012 Geofencing[93816:70b] Resetting plugins due to page load.
2014-07-30 18:43:54.446 Geofencing[93816:70b] Finished load of: file:///Users/dgoldber/Library/Application%20Support/iPhone%20Simulator/7.1/Applications/10D8DE7F-BEEC-4A38-BE84-411E2CDC5BD5/Geofencing.app/www/index.html
2014-07-30 18:44:48.252 Geofencing[94162:70b] Multi-tasking -> Device: YES, App: YES
2014-07-30 18:44:48.261 Geofencing[94162:70b] Unlimited access to network resources
2014-07-30 18:44:48.266 Geofencing[94162:70b] 

Started backup to iCloud! Please be careful.
Your application might rejected by Apple if you store too much data.
For more information please read "iOS Data Storage Guidelines"
You could find it at the following address https://developer.apple.com/icloud/documentation/data-storage/ .

2014-07-30 18:44:48.441 Geofencing[94162:70b] Resetting plugins due to page load.
2014-07-30 18:44:48.827 Geofencing[94162:70b] Finished load of: file:///Users/dgoldber/Library/Application%20Support/iPhone%20Simulator/7.1/Applications/10D8DE7F-BEEC-4A38-BE84-411E2CDC5BD5/Geofencing.app/www/index.html
2014-07-30 18:45:24.816 Geofencing[94441:70b] Multi-tasking -> Device: YES, App: YES
2014-07-30 18:45:24.825 Geofencing[94441:70b] Unlimited access to network resources
2014-07-30 18:45:24.828 Geofencing[94441:70b] 

Started backup to iCloud! Please be careful.
Your application might rejected by Apple if you store too much data.
For more information please read "iOS Data Storage Guidelines"
You could find it at the following address https://developer.apple.com/icloud/documentation/data-storage/ .

2014-07-30 18:45:24.934 Geofencing[94441:70b] Resetting plugins due to page load.
2014-07-30 18:45:25.316 Geofencing[94441:70b] Finished load of: file:///Users/dgoldber/Library/Application%20Support/iPhone%20Simulator/7.1/Applications/10D8DE7F-BEEC-4A38-BE84-411E2CDC5BD5/Geofencing.app/www/index.html
2014-07-30 18:49:09.041 Geofencing[95871:70b] Multi-tasking -> Device: YES, App: YES
2014-07-30 18:49:09.049 Geofencing[95871:70b] Unlimited access to network resources
2014-07-30 18:49:09.051 Geofencing[95871:70b] 

Started backup to iCloud! Please be careful.
Your application might rejected by Apple if you store too much data.
For more information please read "iOS Data Storage Guidelines"
You could find it at the following address https://developer.apple.com/icloud/documentation/data-storage/ .

2014-07-30 18:49:09.182 Geofencing[95871:70b] Resetting plugins due to page load.
2014-07-30 18:49:09.612 Geofencing[95871:70b] Finished load of: file:///Users/dgoldber/Library/Application%20Support/iPhone%20Simulator/7.1/Applications/10D8DE7F-BEEC-4A38-BE84-411E2CDC5BD5/Geofencing.app/www/index.html
2014-07-30 18:53:10.509 Geofencing[96739:70b] Multi-tasking -> Device: YES, App: YES
2014-07-30 18:53:10.537 Geofencing[96739:70b] Unlimited access to network resources
2014-07-30 18:53:10.552 Geofencing[96739:70b] 

Started backup to iCloud! Please be careful.
Your application might rejected by Apple if you store too much data.
For more information please read "iOS Data Storage Guidelines"
You could find it at the following address https://developer.apple.com/icloud/documentation/data-storage/ .

2014-07-30 18:53:10.787 Geofencing[96739:70b] Resetting plugins due to page load.
2014-07-30 18:53:11.261 Geofencing[96739:70b] Finished load of: file:///Users/dgoldber/Library/Application%20Support/iPhone%20Simulator/7.1/Applications/10D8DE7F-BEEC-4A38-BE84-411E2CDC5BD5/Geofencing.app/www/index.html
2014-07-30 18:55:00.419 Geofencing[97174:70b] Multi-tasking -> Device: YES, App: YES
2014-07-30 18:55:00.430 Geofencing[97174:70b] Unlimited access to network resources
2014-07-30 18:55:00.437 Geofencing[97174:70b] 

Started backup to iCloud! Please be careful.
Your application might rejected by Apple if you store too much data.
For more information please read "iOS Data Storage Guidelines"
You could find it at the following address https://developer.apple.com/icloud/documentation/data-storage/ .

2014-07-30 18:55:00.583 Geofencing[97174:70b] Resetting plugins due to page load.
2014-07-30 18:55:00.977 Geofencing[97174:70b] Finished load of: file:///Users/dgoldber/Library/Application%20Support/iPhone%20Simulator/7.1/Applications/10D8DE7F-BEEC-4A38-BE84-411E2CDC5BD5/Geofencing.app/www/index.html
2014-07-30 18:56:05.627 Geofencing[97540:70b] Multi-tasking -> Device: YES, App: YES
2014-07-30 18:56:05.634 Geofencing[97540:70b] Unlimited access to network resources
2014-07-30 18:56:05.637 Geofencing[97540:70b] 

Started backup to iCloud! Please be careful.
Your application might rejected by Apple if you store too much data.
For more information please read "iOS Data Storage Guidelines"
You could find it at the following address https://developer.apple.com/icloud/documentation/data-storage/ .

2014-07-30 18:56:05.773 Geofencing[97540:70b] Resetting plugins due to page load.
2014-07-30 18:56:06.183 Geofencing[97540:70b] Finished load of: file:///Users/dgoldber/Library/Application%20Support/iPhone%20Simulator/7.1/Applications/10D8DE7F-BEEC-4A38-BE84-411E2CDC5BD5/Geofencing.app/www/index.html
2014-07-30 18:57:50.680 Geofencing[97981:70b] Multi-tasking -> Device: YES, App: YES
2014-07-30 18:57:50.689 Geofencing[97981:70b] Unlimited access to network resources
2014-07-30 18:57:50.693 Geofencing[97981:70b] 

Started backup to iCloud! Please be careful.
Your application might rejected by Apple if you store too much data.
For more information please read "iOS Data Storage Guidelines"
You could find it at the following address https://developer.apple.com/icloud/documentation/data-storage/ .

2014-07-30 18:57:50.833 Geofencing[97981:70b] Resetting plugins due to page load.
2014-07-30 18:57:51.256 Geofencing[97981:70b] Finished load of: file:///Users/dgoldber/Library/Application%20Support/iPhone%20Simulator/7.1/Applications/10D8DE7F-BEEC-4A38-BE84-411E2CDC5BD5/Geofencing.app/www/index.html
2014-07-30 18:58:41.772 Geofencing[98397:70b] Multi-tasking -> Device: YES, App: YES
2014-07-30 18:58:41.778 Geofencing[98397:70b] Unlimited access to network resources
2014-07-30 18:58:41.781 Geofencing[98397:70b] 

Started backup to iCloud! Please be careful.
Your application might rejected by Apple if you store too much data.
For more information please read "iOS Data Storage Guidelines"
You could find it at the following address https://developer.apple.com/icloud/documentation/data-storage/ .

2014-07-30 18:58:41.910 Geofencing[98397:70b] Resetting plugins due to page load.
2014-07-30 18:58:42.310 Geofencing[98397:70b] Finished load of: file:///Users/dgoldber/Library/Application%20Support/iPhone%20Simulator/7.1/Applications/10D8DE7F-BEEC-4A38-BE84-411E2CDC5BD5/Geofencing.app/www/index.html
2014-07-30 19:02:19.444 Geofencing[99251:70b] Multi-tasking -> Device: YES, App: YES
2014-07-30 19:02:19.452 Geofencing[99251:70b] Unlimited access to network resources
2014-07-30 19:02:19.457 Geofencing[99251:70b] 

Started backup to iCloud! Please be careful.
Your application might rejected by Apple if you store too much data.
For more information please read "iOS Data Storage Guidelines"
You could find it at the following address https://developer.apple.com/icloud/documentation/data-storage/ .

2014-07-30 19:02:19.603 Geofencing[99251:70b] Resetting plugins due to page load.
2014-07-30 19:02:20.055 Geofencing[99251:70b] Finished load of: file:///Users/dgoldber/Library/Application%20Support/iPhone%20Simulator/7.1/Applications/10D8DE7F-BEEC-4A38-BE84-411E2CDC5BD5/Geofencing.app/www/index.html
2014-07-30 19:19:23.277 Geofencing[2561:70b] Multi-tasking -> Device: YES, App: YES
2014-07-30 19:19:23.296 Geofencing[2561:70b] Unlimited access to network resources
2014-07-30 19:19:23.317 Geofencing[2561:70b] 

Started backup to iCloud! Please be careful.
Your application might rejected by Apple if you store too much data.
For more information please read "iOS Data Storage Guidelines"
You could find it at the following address https://developer.apple.com/icloud/documentation/data-storage/ .

2014-07-30 19:19:23.545 Geofencing[2561:70b] Resetting plugins due to page load.
2014-07-30 19:19:24.091 Geofencing[2561:70b] Finished load of: file:///Users/dgoldber/Library/Application%20Support/iPhone%20Simulator/7.1/Applications/10D8DE7F-BEEC-4A38-BE84-411E2CDC5BD5/Geofencing.app/www/index.html
2014-07-30 19:19:53.777 Geofencing[2834:70b] Multi-tasking -> Device: YES, App: YES
2014-07-30 19:19:53.786 Geofencing[2834:70b] Unlimited access to network resources
2014-07-30 19:19:53.789 Geofencing[2834:70b] 

Started backup to iCloud! Please be careful.
Your application might rejected by Apple if you store too much data.
For more information please read "iOS Data Storage Guidelines"
You could find it at the following address https://developer.apple.com/icloud/documentation/data-storage/ .

2014-07-30 19:19:53.933 Geofencing[2834:70b] Resetting plugins due to page load.
2014-07-30 19:19:54.311 Geofencing[2834:70b] Finished load of: file:///Users/dgoldber/Library/Application%20Support/iPhone%20Simulator/7.1/Applications/10D8DE7F-BEEC-4A38-BE84-411E2CDC5BD5/Geofencing.app/www/index.html
2014-07-30 19:22:07.534 Geofencing[3397:70b] Multi-tasking -> Device: YES, App: YES
2014-07-30 19:22:07.543 Geofencing[3397:70b] Unlimited access to network resources
2014-07-30 19:22:07.553 Geofencing[3397:70b] 

Started backup to iCloud! Please be careful.
Your application might rejected by Apple if you store too much data.
For more information please read "iOS Data Storage Guidelines"
You could find it at the following address https://developer.apple.com/icloud/documentation/data-storage/ .

2014-07-30 19:22:07.703 Geofencing[3397:70b] Resetting plugins due to page load.
2014-07-30 19:22:08.120 Geofencing[3397:70b] Finished load of: file:///Users/dgoldber/Library/Application%20Support/iPhone%20Simulator/7.1/Applications/10D8DE7F-BEEC-4A38-BE84-411E2CDC5BD5/Geofencing.app/www/index.html
2014-07-30 19:24:56.401 Geofencing[4243:70b] Multi-tasking -> Device: YES, App: YES
2014-07-30 19:24:56.411 Geofencing[4243:70b] Unlimited access to network resources
2014-07-30 19:24:56.414 Geofencing[4243:70b] 

Started backup to iCloud! Please be careful.
Your application might rejected by Apple if you store too much data.
For more information please read "iOS Data Storage Guidelines"
You could find it at the following address https://developer.apple.com/icloud/documentation/data-storage/ .

2014-07-30 19:24:56.520 Geofencing[4243:70b] Resetting plugins due to page load.
2014-07-30 19:24:56.954 Geofencing[4243:70b] Finished load of: file:///Users/dgoldber/Library/Application%20Support/iPhone%20Simulator/7.1/Applications/10D8DE7F-BEEC-4A38-BE84-411E2CDC5BD5/Geofencing.app/www/index.html
2014-07-30 19:26:14.248 Geofencing[4610:70b] Multi-tasking -> Device: YES, App: YES
2014-07-30 19:26:14.256 Geofencing[4610:70b] Unlimited access to network resources
2014-07-30 19:26:14.259 Geofencing[4610:70b] 

Started backup to iCloud! Please be careful.
Your application might rejected by Apple if you store too much data.
For more information please read "iOS Data Storage Guidelines"
You could find it at the following address https://developer.apple.com/icloud/documentation/data-storage/ .

2014-07-30 19:26:14.385 Geofencing[4610:70b] Resetting plugins due to page load.
2014-07-30 19:26:14.795 Geofencing[4610:70b] Finished load of: file:///Users/dgoldber/Library/Application%20Support/iPhone%20Simulator/7.1/Applications/10D8DE7F-BEEC-4A38-BE84-411E2CDC5BD5/Geofencing.app/www/index.html
2014-07-30 19:27:43.962 Geofencing[5041:70b] Multi-tasking -> Device: YES, App: YES
2014-07-30 19:27:43.970 Geofencing[5041:70b] Unlimited access to network resources
2014-07-30 19:27:43.973 Geofencing[5041:70b] 

Started backup to iCloud! Please be careful.
Your application might rejected by Apple if you store too much data.
For more information please read "iOS Data Storage Guidelines"
You could find it at the following address https://developer.apple.com/icloud/documentation/data-storage/ .

2014-07-30 19:27:44.104 Geofencing[5041:70b] Resetting plugins due to page load.
2014-07-30 19:27:44.516 Geofencing[5041:70b] Finished load of: file:///Users/dgoldber/Library/Application%20Support/iPhone%20Simulator/7.1/Applications/10D8DE7F-BEEC-4A38-BE84-411E2CDC5BD5/Geofencing.app/www/index.html
2014-07-30 19:29:14.605 Geofencing[5436:70b] Multi-tasking -> Device: YES, App: YES
2014-07-30 19:29:14.619 Geofencing[5436:70b] Unlimited access to network resources
2014-07-30 19:29:14.641 Geofencing[5436:70b] 

Started backup to iCloud! Please be careful.
Your application might rejected by Apple if you store too much data.
For more information please read "iOS Data Storage Guidelines"
You could find it at the following address https://developer.apple.com/icloud/documentation/data-storage/ .

2014-07-30 19:29:14.765 Geofencing[5436:70b] Resetting plugins due to page load.
2014-07-30 19:29:15.153 Geofencing[5436:70b] Finished load of: file:///Users/dgoldber/Library/Application%20Support/iPhone%20Simulator/7.1/Applications/10D8DE7F-BEEC-4A38-BE84-411E2CDC5BD5/Geofencing.app/www/index.html
2014-07-30 20:08:38.230 Geofencing[11088:70b] Multi-tasking -> Device: YES, App: YES
2014-07-30 20:08:38.240 Geofencing[11088:70b] Unlimited access to network resources
2014-07-30 20:08:38.244 Geofencing[11088:70b] 

Started backup to iCloud! Please be careful.
Your application might rejected by Apple if you store too much data.
For more information please read "iOS Data Storage Guidelines"
You could find it at the following address https://developer.apple.com/icloud/documentation/data-storage/ .

2014-07-30 20:08:38.471 Geofencing[11088:70b] Resetting plugins due to page load.
2014-07-30 20:09:01.208 Geofencing[11345:70b] Multi-tasking -> Device: YES, App: YES
2014-07-30 20:09:01.217 Geofencing[11345:70b] Unlimited access to network resources
2014-07-30 20:09:01.220 Geofencing[11345:70b] 

Started backup to iCloud! Please be careful.
Your application might rejected by Apple if you store too much data.
For more information please read "iOS Data Storage Guidelines"
You could find it at the following address https://developer.apple.com/icloud/documentation/data-storage/ .

2014-07-30 20:09:01.366 Geofencing[11345:70b] Resetting plugins due to page load.
2014-07-30 20:09:01.796 Geofencing[11345:70b] Finished load of: file:///Users/dgoldber/Library/Application%20Support/iPhone%20Simulator/7.1/Applications/10D8DE7F-BEEC-4A38-BE84-411E2CDC5BD5/Geofencing.app/www/index.html
2014-07-30 20:09:13.534 Geofencing[11345:3f03] void SendDelegateMessage(NSInvocation *): delegate (webView:runJavaScriptAlertPanelWithMessage:initiatedByFrame:) failed to return after waiting 10 seconds. main run loop mode: kCFRunLoopDefaultMode
2014-07-30 20:09:50.792 Geofencing[11632:70b] Multi-tasking -> Device: YES, App: YES
2014-07-30 20:09:50.798 Geofencing[11632:70b] Unlimited access to network resources
2014-07-30 20:09:50.800 Geofencing[11632:70b] 

Started backup to iCloud! Please be careful.
Your application might rejected by Apple if you store too much data.
For more information please read "iOS Data Storage Guidelines"
You could find it at the following address https://developer.apple.com/icloud/documentation/data-storage/ .

2014-07-30 20:09:50.868 Geofencing[11632:70b] Resetting plugins due to page load.
2014-07-30 20:09:51.236 Geofencing[11632:70b] Finished load of: file:///Users/dgoldber/Library/Application%20Support/iPhone%20Simulator/7.1/Applications/10D8DE7F-BEEC-4A38-BE84-411E2CDC5BD5/Geofencing.app/www/index.html
2014-07-30 20:10:09.158 Geofencing[11864:70b] Multi-tasking -> Device: YES, App: YES
2014-07-30 20:10:09.168 Geofencing[11864:70b] Unlimited access to network resources
2014-07-30 20:10:09.173 Geofencing[11864:70b] 

Started backup to iCloud! Please be careful.
Your application might rejected by Apple if you store too much data.
For more information please read "iOS Data Storage Guidelines"
You could find it at the following address https://developer.apple.com/icloud/documentation/data-storage/ .

2014-07-30 20:10:09.339 Geofencing[11864:70b] Resetting plugins due to page load.
2014-07-30 20:10:09.831 Geofencing[11864:70b] Finished load of: file:///Users/dgoldber/Library/Application%20Support/iPhone%20Simulator/7.1/Applications/10D8DE7F-BEEC-4A38-BE84-411E2CDC5BD5/Geofencing.app/www/index.html
2014-07-30 20:10:22.260 Geofencing[11864:3f03] void SendDelegateMessage(NSInvocation *): delegate (webView:runJavaScriptAlertPanelWithMessage:initiatedByFrame:) failed to return after waiting 10 seconds. main run loop mode: kCFRunLoopDefaultMode
2014-07-30 20:15:56.284 Geofencing[13115:70b] Multi-tasking -> Device: YES, App: YES
2014-07-30 20:15:56.291 Geofencing[13115:70b] Unlimited access to network resources
2014-07-30 20:15:56.293 Geofencing[13115:70b] 

Started backup to iCloud! Please be careful.
Your application might rejected by Apple if you store too much data.
For more information please read "iOS Data Storage Guidelines"
You could find it at the following address https://developer.apple.com/icloud/documentation/data-storage/ .

2014-07-30 20:15:56.378 Geofencing[13115:70b] Resetting plugins due to page load.
2014-07-30 20:15:56.809 Geofencing[13115:70b] Finished load of: file:///Users/dgoldber/Library/Application%20Support/iPhone%20Simulator/7.1/Applications/10D8DE7F-BEEC-4A38-BE84-411E2CDC5BD5/Geofencing.app/www/index.html
2014-07-30 20:16:17.814 Geofencing[13374:70b] Multi-tasking -> Device: YES, App: YES
2014-07-30 20:16:17.821 Geofencing[13374:70b] Unlimited access to network resources
2014-07-30 20:16:17.832 Geofencing[13374:70b] 

Started backup to iCloud! Please be careful.
Your application might rejected by Apple if you store too much data.
For more information please read "iOS Data Storage Guidelines"
You could find it at the following address https://developer.apple.com/icloud/documentation/data-storage/ .

2014-07-30 20:16:18.039 Geofencing[13374:70b] Resetting plugins due to page load.
2014-07-30 20:16:18.478 Geofencing[13374:70b] Finished load of: file:///Users/dgoldber/Library/Application%20Support/iPhone%20Simulator/7.1/Applications/10D8DE7F-BEEC-4A38-BE84-411E2CDC5BD5/Geofencing.app/www/index.html
2014-07-30 20:17:59.649 Geofencing[13805:70b] Multi-tasking -> Device: YES, App: YES
2014-07-30 20:17:59.657 Geofencing[13805:70b] Unlimited access to network resources
2014-07-30 20:17:59.660 Geofencing[13805:70b] 

Started backup to iCloud! Please be careful.
Your application might rejected by Apple if you store too much data.
For more information please read "iOS Data Storage Guidelines"
You could find it at the following address https://developer.apple.com/icloud/documentation/data-storage/ .

2014-07-30 20:17:59.777 Geofencing[13805:70b] Resetting plugins due to page load.
2014-07-30 20:18:00.197 Geofencing[13805:70b] Finished load of: file:///Users/dgoldber/Library/Application%20Support/iPhone%20Simulator/7.1/Applications/10D8DE7F-BEEC-4A38-BE84-411E2CDC5BD5/Geofencing.app/www/index.html
2014-07-30 20:22:05.734 Geofencing[14857:70b] Multi-tasking -> Device: YES, App: YES
2014-07-30 20:22:05.743 Geofencing[14857:70b] Unlimited access to network resources
2014-07-30 20:22:05.746 Geofencing[14857:70b] 

Started backup to iCloud! Please be careful.
Your application might rejected by Apple if you store too much data.
For more information please read "iOS Data Storage Guidelines"
You could find it at the following address https://developer.apple.com/icloud/documentation/data-storage/ .

2014-07-30 20:22:05.870 Geofencing[14857:70b] Resetting plugins due to page load.
2014-07-30 20:22:06.291 Geofencing[14857:70b] Finished load of: file:///Users/dgoldber/Library/Application%20Support/iPhone%20Simulator/7.1/Applications/10D8DE7F-BEEC-4A38-BE84-411E2CDC5BD5/Geofencing.app/www/index.html
2014-07-30 20:24:11.550 Geofencing[15334:70b] Multi-tasking -> Device: YES, App: YES
2014-07-30 20:24:11.559 Geofencing[15334:70b] Unlimited access to network resources
2014-07-30 20:24:11.562 Geofencing[15334:70b] 

Started backup to iCloud! Please be careful.
Your application might rejected by Apple if you store too much data.
For more information please read "iOS Data Storage Guidelines"
You could find it at the following address https://developer.apple.com/icloud/documentation/data-storage/ .

2014-07-30 20:24:11.711 Geofencing[15334:70b] Resetting plugins due to page load.
2014-07-30 20:24:12.169 Geofencing[15334:70b] Finished load of: file:///Users/dgoldber/Library/Application%20Support/iPhone%20Simulator/7.1/Applications/10D8DE7F-BEEC-4A38-BE84-411E2CDC5BD5/Geofencing.app/www/index.html
2014-07-30 20:26:42.116 Geofencing[15878:70b] Multi-tasking -> Device: YES, App: YES
2014-07-30 20:26:42.126 Geofencing[15878:70b] Unlimited access to network resources
2014-07-30 20:26:42.139 Geofencing[15878:70b] 

Started backup to iCloud! Please be careful.
Your application might rejected by Apple if you store too much data.
For more information please read "iOS Data Storage Guidelines"
You could find it at the following address https://developer.apple.com/icloud/documentation/data-storage/ .

2014-07-30 20:26:42.253 Geofencing[15878:70b] Resetting plugins due to page load.
2014-07-30 20:26:42.674 Geofencing[15878:70b] Finished load of: file:///Users/dgoldber/Library/Application%20Support/iPhone%20Simulator/7.1/Applications/10D8DE7F-BEEC-4A38-BE84-411E2CDC5BD5/Geofencing.app/www/index.html
2014-07-30 20:27:13.817 Geofencing[15878:4003] void SendDelegateMessage(NSInvocation *): delegate (webView:runJavaScriptAlertPanelWithMessage:initiatedByFrame:) failed to return after waiting 10 seconds. main run loop mode: kCFRunLoopDefaultMode
2014-07-30 20:29:22.182 Geofencing[16467:70b] Multi-tasking -> Device: YES, App: YES
2014-07-30 20:29:22.201 Geofencing[16467:70b] Unlimited access to network resources
2014-07-30 20:29:22.210 Geofencing[16467:70b] 

Started backup to iCloud! Please be careful.
Your application might rejected by Apple if you store too much data.
For more information please read "iOS Data Storage Guidelines"
You could find it at the following address https://developer.apple.com/icloud/documentation/data-storage/ .

2014-07-30 20:29:22.338 Geofencing[16467:70b] Resetting plugins due to page load.
2014-07-30 20:29:22.755 Geofencing[16467:70b] Finished load of: file:///Users/dgoldber/Library/Application%20Support/iPhone%20Simulator/7.1/Applications/10D8DE7F-BEEC-4A38-BE84-411E2CDC5BD5/Geofencing.app/www/index.html
2014-07-30 20:49:54.731 Geofencing[19378:70b] Multi-tasking -> Device: YES, App: YES
2014-07-30 20:49:54.740 Geofencing[19378:70b] Unlimited access to network resources
2014-07-30 20:49:54.742 Geofencing[19378:70b] 

Started backup to iCloud! Please be careful.
Your application might rejected by Apple if you store too much data.
For more information please read "iOS Data Storage Guidelines"
You could find it at the following address https://developer.apple.com/icloud/documentation/data-storage/ .

2014-07-30 20:49:54.865 Geofencing[19378:70b] Resetting plugins due to page load.
2014-07-30 20:49:55.364 Geofencing[19378:70b] Finished load of: file:///Users/dgoldber/Library/Application%20Support/iPhone%20Simulator/7.1/Applications/10D8DE7F-BEEC-4A38-BE84-411E2CDC5BD5/Geofencing.app/www/index.html
2014-07-30 20:50:00.123 Geofencing[19378:70b] THREAD WARNING: ['DGGeofencing'] took '4738.973145' ms. Plugin should use a background thread.
2014-07-30 20:51:32.968 Geofencing[19813:70b] Multi-tasking -> Device: YES, App: YES
2014-07-30 20:51:32.975 Geofencing[19813:70b] Unlimited access to network resources
2014-07-30 20:51:33.005 Geofencing[19813:70b] 

Started backup to iCloud! Please be careful.
Your application might rejected by Apple if you store too much data.
For more information please read "iOS Data Storage Guidelines"
You could find it at the following address https://developer.apple.com/icloud/documentation/data-storage/ .

2014-07-30 20:51:33.140 Geofencing[19813:70b] Resetting plugins due to page load.
2014-07-30 20:51:33.573 Geofencing[19813:70b] Finished load of: file:///Users/dgoldber/Library/Application%20Support/iPhone%20Simulator/7.1/Applications/10D8DE7F-BEEC-4A38-BE84-411E2CDC5BD5/Geofencing.app/www/index.html
